
===================================================
               TABLA  de  SIMBOLOS
===================================================
Ind.  Nombre         Cat.    Tipo      Niv.   Desp.
---------------------------------------------------
  0:  a              VAR     T_LOGICO  0      0
  1:  b              VAR     T_ARRAY   0      1
               ------------------------------------
                TipoElem = T_ENTERO   NumElem = 27 
               ------------------------------------
  2:  F              FUNC    T_ENTERO  0      0
               ------------------------------------
                Numero de argumentos:  2
               ------------------------------------
  3:  y              PARAM   T_ENTERO  1     -3
  4:  x              PARAM   T_ENTERO  1     -4
  5:  a              VAR     T_ARRAY   1      0
               ------------------------------------
                TipoElem = T_LOGICO   NumElem = 27 
               ------------------------------------
  6:  b              VAR     T_ENTERO  1     27

===================================================
               TABLA  de  SIMBOLOS
===================================================
Ind.  Nombre         Cat.    Tipo      Niv.   Desp.
---------------------------------------------------
  0:  a              VAR     T_LOGICO  0      0
  1:  b              VAR     T_ARRAY   0      1
               ------------------------------------
                TipoElem = T_ENTERO   NumElem = 27 
               ------------------------------------
  2:  F              FUNC    T_ENTERO  0      0
               ------------------------------------
                Numero de argumentos:  2
               ------------------------------------
  3:  c              VAR     T_ARRAY   0      1
               ------------------------------------
                TipoElem = T_ENTERO   NumElem = 27 
               ------------------------------------
  4:  d              VAR     T_ENTERO  0     28
  5:  main           FUNC    T_ENTERO  0      0
               ------------------------------------
                Numero de argumentos:  0
               ------------------------------------
  6:  z              VAR     T_ARRAY   1      0
               ------------------------------------
                TipoElem = T_ENTERO   NumElem = 27 
               ------------------------------------
  7:  x              VAR     T_ENTERO  1     27
